<?xml version="1.0" encoding="UTF-8"?>
<!-- Generated by org.testng.reporters.JUnitXMLReporter -->
<testsuite ignored="2" hostname="LAPTOP-SA6CFNU6" failures="0" tests="0" time="0.056" errors="0" timestamp="2024-08-25T09:59:19 IST">
  <testcase classname="TestCases.TC1_Register" name="VerifyRegister" time="0.0">
    <ignored/>
  </testcase> <!-- VerifyRegister -->
  <testcase classname="TestCases.TC2_Login" name="verify_Login" time="0.0">
    <ignored/>
  </testcase> <!-- verify_Login -->
</testsuite>
