<?xml version="1.0" encoding="UTF-8"?>
<!-- Generated by org.testng.reporters.JUnitXMLReporter -->
<testsuite ignored="2" hostname="LAPTOP-SA6CFNU6" failures="0" tests="1" name="Test" time="29.102" errors="0" timestamp="2024-08-25T15:14:57 IST">
  <testcase classname="TestCases.TC2_Login" name="verify_Login" time="4.165"/>
  <testcase classname="TestCases.TC3_loginDDT" name="verify_login_DDT" time="0.0">
    <ignored/>
  </testcase> <!-- verify_login_DDT -->
  <testcase classname="TestCases.TC1_Register" name="VerifyRegister" time="0.0">
    <ignored/>
  </testcase> <!-- VerifyRegister -->
</testsuite> <!-- Test -->
